<?xml version="1.0" encoding="UTF-8"?>
<testng-results skipped="0" failed="0" ignored="0" total="0" passed="0">
  <reporter-output>
  </reporter-output>
  <suite name="seleniumdemo.AppTest" duration-ms="5" started-at="2021-01-06T10:03:55Z" finished-at="2021-01-06T10:03:55Z">
    <groups>
    </groups>
    <test name="Command line test" duration-ms="5" started-at="2021-01-06T10:03:55Z" finished-at="2021-01-06T10:03:55Z">
    </test> <!-- Command line test -->
  </suite> <!-- seleniumdemo.AppTest -->
</testng-results>
