<?xml version="1.0" encoding="UTF-8"?>
<testng-results skipped="0" failed="1" ignored="0" total="3" passed="2">
  <reporter-output>
  </reporter-output>
  <suite name="Default suite" duration-ms="21920" started-at="2021-01-25T06:45:42Z" finished-at="2021-01-25T06:46:04Z">
    <groups>
    </groups>
    <test name="Default test" duration-ms="21920" started-at="2021-01-25T06:45:42Z" finished-at="2021-01-25T06:46:04Z">
      <class name="seleniumdemo.App">
        <test-method status="PASS" signature="beforeSuite()[pri:0, instance:seleniumdemo.App@3d6300e8]" name="beforeSuite" is-config="true" duration-ms="7" started-at="2021-01-25T06:45:42Z" finished-at="2021-01-25T06:45:42Z">
          <reporter-output>
          </reporter-output>
        </test-method> <!-- beforeSuite -->
        <test-method status="PASS" signature="beforeMethod()[pri:0, instance:seleniumdemo.App@3d6300e8]" name="beforeMethod" is-config="true" duration-ms="5998" started-at="2021-01-25T06:45:42Z" finished-at="2021-01-25T06:45:48Z">
          <reporter-output>
          </reporter-output>
        </test-method> <!-- beforeMethod -->
        <test-method status="PASS" signature="Task1()[pri:0, instance:seleniumdemo.App@3d6300e8]" name="Task1" duration-ms="2311" started-at="2021-01-25T06:45:48Z" finished-at="2021-01-25T06:45:50Z">
          <reporter-output>
          </reporter-output>
        </test-method> <!-- Task1 -->
        <test-method status="PASS" signature="beforeMethod()[pri:0, instance:seleniumdemo.App@3d6300e8]" name="beforeMethod" is-config="true" duration-ms="1819" started-at="2021-01-25T06:45:50Z" finished-at="2021-01-25T06:45:52Z">
          <reporter-output>
          </reporter-output>
        </test-method> <!-- beforeMethod -->
        <test-method status="PASS" signature="Task2()[pri:0, instance:seleniumdemo.App@3d6300e8]" name="Task2" duration-ms="5418" started-at="2021-01-25T06:45:52Z" finished-at="2021-01-25T06:45:57Z">
          <reporter-output>
          </reporter-output>
        </test-method> <!-- Task2 -->
        <test-method status="PASS" signature="beforeMethod()[pri:0, instance:seleniumdemo.App@3d6300e8]" name="beforeMethod" is-config="true" duration-ms="2126" started-at="2021-01-25T06:45:57Z" finished-at="2021-01-25T06:46:00Z">
          <reporter-output>
          </reporter-output>
        </test-method> <!-- beforeMethod -->
        <test-method status="FAIL" signature="Task3()[pri:0, instance:seleniumdemo.App@3d6300e8]" name="Task3" duration-ms="4231" started-at="2021-01-25T06:46:00Z" finished-at="2021-01-25T06:46:04Z">
          <exception class="org.openqa.selenium.NoSuchElementException">
            <message>
              <![CDATA[no such element: Unable to locate element: {"method":"xpath","selector":"//*[@id="all-devices-section"]/div[26]/a/div[1]/div/div[1]/div/div[1]/figure"}
  (Session info: chrome=87.0.4280.141)
For documentation on this error, please visit: https://selenium.dev/exceptions/#no_such_element
Build info: version: '4.0.0-alpha-5', revision: 'b3a0d621cc'
System info: host: 'DESKTOP-UORS9NB', ip: '192.168.1.46', os.name: 'Windows 10', os.arch: 'amd64', os.version: '10.0', java.version: '1.8.0_271'
Driver info: org.openqa.selenium.chrome.ChromeDriver
Capabilities {acceptInsecureCerts: false, browserName: chrome, browserVersion: 87.0.4280.141, chrome: {chromedriverVersion: 87.0.4280.88 (89e2380a3e36c..., userDataDir: C:\Users\User\AppData\Local...}, goog:chromeOptions: {debuggerAddress: localhost:55421}, javascriptEnabled: true, networkConnectionEnabled: false, pageLoadStrategy: normal, platform: WINDOWS, platformName: WINDOWS, proxy: Proxy(), setWindowRect: true, strictFileInteractability: false, timeouts: {implicit: 0, pageLoad: 300000, script: 30000}, unhandledPromptBehavior: dismiss and notify, webauthn:virtualAuthenticators: true}
Session ID: 19c9593dd2f3bb89f3470a304c7bb5eb
*** Element info: {Using=xpath, value=//*[@id="all-devices-section"]/div[26]/a/div[1]/div/div[1]/div/div[1]/figure}]]>
            </message>
            <full-stacktrace>
              <![CDATA[org.openqa.selenium.NoSuchElementException: no such element: Unable to locate element: {"method":"xpath","selector":"//*[@id="all-devices-section"]/div[26]/a/div[1]/div/div[1]/div/div[1]/figure"}
  (Session info: chrome=87.0.4280.141)
For documentation on this error, please visit: https://selenium.dev/exceptions/#no_such_element
Build info: version: '4.0.0-alpha-5', revision: 'b3a0d621cc'
System info: host: 'DESKTOP-UORS9NB', ip: '192.168.1.46', os.name: 'Windows 10', os.arch: 'amd64', os.version: '10.0', java.version: '1.8.0_271'
Driver info: org.openqa.selenium.chrome.ChromeDriver
Capabilities {acceptInsecureCerts: false, browserName: chrome, browserVersion: 87.0.4280.141, chrome: {chromedriverVersion: 87.0.4280.88 (89e2380a3e36c..., userDataDir: C:\Users\User\AppData\Local...}, goog:chromeOptions: {debuggerAddress: localhost:55421}, javascriptEnabled: true, networkConnectionEnabled: false, pageLoadStrategy: normal, platform: WINDOWS, platformName: WINDOWS, proxy: Proxy(), setWindowRect: true, strictFileInteractability: false, timeouts: {implicit: 0, pageLoad: 300000, script: 30000}, unhandledPromptBehavior: dismiss and notify, webauthn:virtualAuthenticators: true}
Session ID: 19c9593dd2f3bb89f3470a304c7bb5eb
*** Element info: {Using=xpath, value=//*[@id="all-devices-section"]/div[26]/a/div[1]/div/div[1]/div/div[1]/figure}
at sun.reflect.NativeConstructorAccessorImpl.newInstance0(Native Method)
at sun.reflect.NativeConstructorAccessorImpl.newInstance(NativeConstructorAccessorImpl.java:62)
at sun.reflect.DelegatingConstructorAccessorImpl.newInstance(DelegatingConstructorAccessorImpl.java:45)
at java.lang.reflect.Constructor.newInstance(Constructor.java:423)
at org.openqa.selenium.remote.codec.w3c.W3CHttpResponseCodec.createException(W3CHttpResponseCodec.java:196)
at org.openqa.selenium.remote.codec.w3c.W3CHttpResponseCodec.decode(W3CHttpResponseCodec.java:129)
at org.openqa.selenium.remote.codec.w3c.W3CHttpResponseCodec.decode(W3CHttpResponseCodec.java:53)
at org.openqa.selenium.remote.HttpCommandExecutor.execute(HttpCommandExecutor.java:161)
at org.openqa.selenium.remote.service.DriverCommandExecutor.execute(DriverCommandExecutor.java:83)
at org.openqa.selenium.remote.RemoteWebDriver.execute(RemoteWebDriver.java:582)
at org.openqa.selenium.remote.RemoteWebDriver.findElement(RemoteWebDriver.java:333)
at org.openqa.selenium.remote.RemoteWebDriver.findElementByXPath(RemoteWebDriver.java:451)
at org.openqa.selenium.By$ByXPath.findElement(By.java:394)
at org.openqa.selenium.remote.RemoteWebDriver.findElement(RemoteWebDriver.java:325)
at seleniumdemo.Pasaj.clickMacPro(Pasaj.java:56)
at seleniumdemo.App.Task3(App.java:31)
at sun.reflect.NativeMethodAccessorImpl.invoke0(Native Method)
at sun.reflect.NativeMethodAccessorImpl.invoke(NativeMethodAccessorImpl.java:62)
at sun.reflect.DelegatingMethodAccessorImpl.invoke(DelegatingMethodAccessorImpl.java:43)
at java.lang.reflect.Method.invoke(Method.java:498)
at org.testng.internal.MethodInvocationHelper.invokeMethod(MethodInvocationHelper.java:124)
at org.testng.internal.Invoker.invokeMethod(Invoker.java:583)
at org.testng.internal.Invoker.invokeTestMethod(Invoker.java:719)
at org.testng.internal.Invoker.invokeTestMethods(Invoker.java:989)
at org.testng.internal.TestMethodWorker.invokeTestMethods(TestMethodWorker.java:125)
at org.testng.internal.TestMethodWorker.run(TestMethodWorker.java:109)
at org.testng.TestRunner.privateRun(TestRunner.java:648)
at org.testng.TestRunner.run(TestRunner.java:505)
at org.testng.SuiteRunner.runTest(SuiteRunner.java:455)
at org.testng.SuiteRunner.runSequentially(SuiteRunner.java:450)
at org.testng.SuiteRunner.privateRun(SuiteRunner.java:415)
at org.testng.SuiteRunner.run(SuiteRunner.java:364)
at org.testng.SuiteRunnerWorker.runSuite(SuiteRunnerWorker.java:52)
at org.testng.SuiteRunnerWorker.run(SuiteRunnerWorker.java:84)
at org.testng.TestNG.runSuitesSequentially(TestNG.java:1208)
at org.testng.TestNG.runSuitesLocally(TestNG.java:1137)
at org.testng.TestNG.runSuites(TestNG.java:1049)
at org.testng.TestNG.run(TestNG.java:1017)
at org.testng.remote.AbstractRemoteTestNG.run(AbstractRemoteTestNG.java:115)
at org.testng.remote.RemoteTestNG.initAndRun(RemoteTestNG.java:251)
at org.testng.remote.RemoteTestNG.main(RemoteTestNG.java:77)
]]>
            </full-stacktrace>
          </exception> <!-- org.openqa.selenium.NoSuchElementException -->
          <reporter-output>
          </reporter-output>
        </test-method> <!-- Task3 -->
        <test-method status="PASS" signature="afterSuite()[pri:0, instance:seleniumdemo.App@3d6300e8]" name="afterSuite" is-config="true" duration-ms="55" started-at="2021-01-25T06:46:04Z" finished-at="2021-01-25T06:46:04Z">
          <reporter-output>
          </reporter-output>
        </test-method> <!-- afterSuite -->
      </class> <!-- seleniumdemo.App -->
    </test> <!-- Default test -->
  </suite> <!-- Default suite -->
</testng-results>
